Build started 12/6/2016 11:50:37 AM.
     1>Project "C:\Users\chd\Desktop\Bloomberg_c++_Code\Bloomberg\api2\api2\api2.vcxproj" on node 2 (build target(s)).
     1>InitializeBuildStatus:
         Creating "Debug\api2.unsuccessfulbuild" because "AlwaysCreate" was specified.
       ClCompile:
         c:\Program Files (x86)\Microsoft Visual Studio 10.0\VC\bin\CL.exe /c /IU:\Bloomberg\Project\blpapi_cpp_3.8.18.1\include /ZI /nologo /W3 /WX- /Od /Oy- /D WIN32 /D _DEBUG /D _CONSOLE /D _UNICODE /D UNICODE /Gm /EHsc /RTC1 /MDd /GS /fp:precise /Zc:wchar_t /Zc:forScope /Fo"Debug\\" /Fd"Debug\vc100.pdb" /Gd /TP /analyze- /errorReport:prompt test2.cpp
         test2.cpp
     1>c:\users\chd\desktop\bloomberg_c++_code\bloomberg\api2\api2\test2.cpp(73): warning C4018: '<' : signed/unsigned mismatch
     1>c:\users\chd\desktop\bloomberg_c++_code\bloomberg\api2\api2\test2.cpp(76): warning C4018: '<' : signed/unsigned mismatch
     1>c:\users\chd\desktop\bloomberg_c++_code\bloomberg\api2\api2\test2.cpp(80): warning C4018: '<' : signed/unsigned mismatch
     1>c:\users\chd\desktop\bloomberg_c++_code\bloomberg\api2\api2\test2.cpp(276): warning C4018: '<' : signed/unsigned mismatch
       ManifestResourceCompile:
         All outputs are up-to-date.
       Link:
         c:\Program Files (x86)\Microsoft Visual Studio 10.0\VC\bin\link.exe /ERRORREPORT:PROMPT /OUT:"C:\Users\chd\Desktop\Bloomberg_c++_Code\Bloomberg\api2\Debug\api2.exe" /INCREMENTAL /NOLOGO /LIBPATH:U:\Bloomberg\Project\blpapi_cpp_3.8.18.1\lib blpapi3_32.lib blpapi3_64.lib kernel32.lib user32.lib gdi32.lib winspool.lib comdlg32.lib advapi32.lib shell32.lib ole32.lib oleaut32.lib uuid.lib odbc32.lib odbccp32.lib /MANIFEST /ManifestFile:"Debug\api2.exe.intermediate.manifest" /MANIFESTUAC:"level='asInvoker' uiAccess='false'" /DEBUG /PDB:"C:\Users\chd\Desktop\Bloomberg_c++_Code\Bloomberg\api2\Debug\api2.pdb" /SUBSYSTEM:CONSOLE /TLBID:1 /DYNAMICBASE /NXCOMPAT /IMPLIB:"C:\Users\chd\Desktop\Bloomberg_c++_Code\Bloomberg\api2\Debug\api2.lib" /MACHINE:X86 Debug\api2.exe.embed.manifest.res
         Debug\test2.obj
       Manifest:
         c:\Program Files (x86)\Microsoft SDKs\Windows\v7.0A\bin\mt.exe /nologo /verbose /out:"Debug\api2.exe.embed.manifest" /manifest Debug\api2.exe.intermediate.manifest
         All outputs are up-to-date.
       LinkEmbedManifest:
         All outputs are up-to-date.
         api2.vcxproj -> C:\Users\chd\Desktop\Bloomberg_c++_Code\Bloomberg\api2\Debug\api2.exe
       FinalizeBuildStatus:
         Deleting file "Debug\api2.unsuccessfulbuild".
         Touching "Debug\api2.lastbuildstate".
     1>Done Building Project "C:\Users\chd\Desktop\Bloomberg_c++_Code\Bloomberg\api2\api2\api2.vcxproj" (build target(s)).

Build succeeded.

Time Elapsed 00:00:02.47
